# JRE version: Java(TM) SE Runtime Environment (8.0_111-b14) (build 1.8.0_111-b14)
# Java VM: Java HotSpot(TM) 64-Bit Server VM (25.111-b14 mixed mode linux-amd64 compressed oops)
Heap:
 PSYoungGen      total 3748352K, used 72604K [0x000000066ab00000, 0x0000000773d00000, 0x00000007c0000000)
  eden space 3673088K, 1% used [0x000000066ab00000,0x000000066f1e7298,0x000000074ae00000)
  from space 75264K, 0% used [0x000000074ae00000,0x000000074ae00000,0x000000074f780000)
  to   space 335360K, 0% used [0x000000075f580000,0x000000075f580000,0x0000000773d00000)
 ParOldGen       total 2494976K, used 2224936K [0x00000003c0000000, 0x0000000458480000, 0x000000066ab00000)
  object space 2494976K, 89% used [0x00000003c0000000,0x0000000447cca148,0x0000000458480000)
 Metaspace       used 8359K, capacity 8496K, committed 8832K, reserved 1056768K
  class space    used 1021K, capacity 1046K, committed 1152K, reserved 1048576K
GC Heap History (10 events):
Event: 75,491 GC heap before
{Heap before GC invocations=44 (full 6):
 PSYoungGen      total 3611648K, used 204320K [0x000000066ab00000, 0x000000075db00000, 0x00000007c0000000)
  eden space 3249152K, 0% used [0x000000066ab00000,0x000000066ab00000,0x0000000731000000)
  from space 362496K, 56% used [0x0000000746c00000,0x0000000753388000,0x000000075ce00000)
  to   space 356352K, 0% used [0x0000000731000000,0x0000000731000000,0x0000000746c00000)
 ParOldGen       total 1853440K, used 1724984K [0x00000003c0000000, 0x0000000431200000, 0x000000066ab00000)
  object space 1853440K, 93% used [0x00000003c0000000,0x000000042948e2e0,0x0000000431200000)
 Metaspace       used 8354K, capacity 8496K, committed 8832K, reserved 1056768K
  class space    used 1020K, capacity 1046K, committed 1152K, reserved 1048576K
Event: 78,337 GC heap after
Heap after GC invocations=44 (full 6):
 PSYoungGen      total 3611648K, used 71505K [0x000000066ab00000, 0x000000075db00000, 0x00000007c0000000)
  eden space 3249152K, 0% used [0x000000066ab00000,0x000000066ab00000,0x0000000731000000)
  from space 362496K, 19% used [0x0000000746c00000,0x000000074b1d4490,0x000000075ce00000)
  to   space 356352K, 0% used [0x0000000731000000,0x0000000731000000,0x0000000746c00000)
 ParOldGen       total 2494976K, used 1853016K [0x00000003c0000000, 0x0000000458480000, 0x000000066ab00000)
  object space 2494976K, 74% used [0x00000003c0000000,0x0000000431196080,0x0000000458480000)
 Metaspace       used 8354K, capacity 8496K, committed 8832K, reserved 1056768K
  class space    used 1020K, capacity 1046K, committed 1152K, reserved 1048576K
}
Event: 84,213 GC heap before
{Heap before GC invocations=45 (full 6):
 PSYoungGen      total 3611648K, used 3320657K [0x000000066ab00000, 0x000000075db00000, 0x00000007c0000000)
  eden space 3249152K, 100% used [0x000000066ab00000,0x0000000731000000,0x0000000731000000)
  from space 362496K, 19% used [0x0000000746c00000,0x000000074b1d4490,0x000000075ce00000)
  to   space 356352K, 0% used [0x0000000731000000,0x0000000731000000,0x0000000746c00000)
 ParOldGen       total 2494976K, used 1853016K [0x00000003c0000000, 0x0000000458480000, 0x000000066ab00000)
  object space 2494976K, 74% used [0x00000003c0000000,0x0000000431196080,0x0000000458480000)
 Metaspace       used 8354K, capacity 8496K, committed 8832K, reserved 1056768K
  class space    used 1020K, capacity 1046K, committed 1152K, reserved 1048576K
Event: 84,559 GC heap after
Heap after GC invocations=45 (full 6):
 PSYoungGen      total 3605504K, used 117344K [0x000000066ab00000, 0x0000000775580000, 0x00000007c0000000)
  eden space 3249152K, 0% used [0x000000066ab00000,0x000000066ab00000,0x0000000731000000)
  from space 356352K, 32% used [0x0000000731000000,0x0000000738298020,0x0000000746c00000)
  to   space 347648K, 0% used [0x0000000760200000,0x0000000760200000,0x0000000775580000)
 ParOldGen       total 2494976K, used 1925104K [0x00000003c0000000, 0x0000000458480000, 0x000000066ab00000)
  object space 2494976K, 77% used [0x00000003c0000000,0x00000004357fc080,0x0000000458480000)
 Metaspace       used 8354K, capacity 8496K, committed 8832K, reserved 1056768K
  class space    used 1020K, capacity 1046K, committed 1152K, reserved 1048576K
}
Event: 89,605 GC heap before
{Heap before GC invocations=46 (full 6):
 PSYoungGen      total 3605504K, used 3366496K [0x000000066ab00000, 0x0000000775580000, 0x00000007c0000000)
  eden space 3249152K, 100% used [0x000000066ab00000,0x0000000731000000,0x0000000731000000)
  from space 356352K, 32% used [0x0000000731000000,0x0000000738298020,0x0000000746c00000)
  to   space 347648K, 0% used [0x0000000760200000,0x0000000760200000,0x0000000775580000)
 ParOldGen       total 2494976K, used 1925104K [0x00000003c0000000, 0x0000000458480000, 0x000000066ab00000)
  object space 2494976K, 77% used [0x00000003c0000000,0x00000004357fc080,0x0000000458480000)
 Metaspace       used 8355K, capacity 8496K, committed 8832K, reserved 1056768K
  class space    used 1020K, capacity 1046K, committed 1152K, reserved 1048576K
Event: 90,195 GC heap after
Heap after GC invocations=46 (full 6):
 PSYoungGen      total 4000768K, used 117024K [0x000000066ab00000, 0x0000000774200000, 0x00000007c0000000)
  eden space 3673088K, 0% used [0x000000066ab00000,0x000000066ab00000,0x000000074ae00000)
  from space 327680K, 35% used [0x0000000760200000,0x0000000767448020,0x0000000774200000)
  to   space 337920K, 0% used [0x000000074ae00000,0x000000074ae00000,0x000000075f800000)
 ParOldGen       total 2494976K, used 2042984K [0x00000003c0000000, 0x0000000458480000, 0x000000066ab00000)
  object space 2494976K, 81% used [0x00000003c0000000,0x000000043cb1a0a0,0x0000000458480000)
 Metaspace       used 8355K, capacity 8496K, committed 8832K, reserved 1056768K
  class space    used 1020K, capacity 1046K, committed 1152K, reserved 1048576K
}
Event: 94,021 GC heap before
{Heap before GC invocations=47 (full 6):
 PSYoungGen      total 4000768K, used 2320876K [0x000000066ab00000, 0x0000000774200000, 0x00000007c0000000)
  eden space 3673088K, 59% used [0x000000066ab00000,0x00000006f13332a0,0x000000074ae00000)
  from space 327680K, 35% used [0x0000000760200000,0x0000000767448020,0x0000000774200000)
  to   space 337920K, 0% used [0x000000074ae00000,0x000000074ae00000,0x000000075f800000)
 ParOldGen       total 2494976K, used 2042984K [0x00000003c0000000, 0x0000000458480000, 0x000000066ab00000)
  object space 2494976K, 81% used [0x00000003c0000000,0x000000043cb1a0a0,0x0000000458480000)
 Metaspace       used 8355K, capacity 8496K, committed 8832K, reserved 1056768K
  class space    used 1020K, capacity 1046K, committed 1152K, reserved 1048576K
Event: 94,344 GC heap after
Heap after GC invocations=47 (full 6):
 PSYoungGen      total 3748352K, used 74752K [0x000000066ab00000, 0x0000000773d00000, 0x00000007c0000000)
  eden space 3673088K, 0% used [0x000000066ab00000,0x000000066ab00000,0x000000074ae00000)
  from space 75264K, 99% used [0x000000074ae00000,0x000000074f700010,0x000000074f780000)
  to   space 335360K, 0% used [0x000000075f580000,0x000000075f580000,0x0000000773d00000)
 ParOldGen       total 2494976K, used 2160232K [0x00000003c0000000, 0x0000000458480000, 0x000000066ab00000)
  object space 2494976K, 86% used [0x00000003c0000000,0x0000000443d9a0a0,0x0000000458480000)
 Metaspace       used 8355K, capacity 8496K, committed 8832K, reserved 1056768K
  class space    used 1020K, capacity 1046K, committed 1152K, reserved 1048576K
}
Event: 94,344 GC heap before
{Heap before GC invocations=48 (full 7):
 PSYoungGen      total 3748352K, used 74752K [0x000000066ab00000, 0x0000000773d00000, 0x00000007c0000000)
  eden space 3673088K, 0% used [0x000000066ab00000,0x000000066ab00000,0x000000074ae00000)
  from space 75264K, 99% used [0x000000074ae00000,0x000000074f700010,0x000000074f780000)
  to   space 335360K, 0% used [0x000000075f580000,0x000000075f580000,0x0000000773d00000)
 ParOldGen       total 2494976K, used 2160232K [0x00000003c0000000, 0x0000000458480000, 0x000000066ab00000)
  object space 2494976K, 86% used [0x00000003c0000000,0x0000000443d9a0a0,0x0000000458480000)
 Metaspace       used 8355K, capacity 8496K, committed 8832K, reserved 1056768K
  class space    used 1020K, capacity 1046K, committed 1152K, reserved 1048576K
Event: 96,552 GC heap after
Heap after GC invocations=48 (full 7):
 PSYoungGen      total 3748352K, used 0K [0x000000066ab00000, 0x0000000773d00000, 0x00000007c0000000)
  eden space 3673088K, 0% used [0x000000066ab00000,0x000000066ab00000,0x000000074ae00000)
  from space 75264K, 0% used [0x000000074ae00000,0x000000074ae00000,0x000000074f780000)
  to   space 335360K, 0% used [0x000000075f580000,0x000000075f580000,0x0000000773d00000)
 ParOldGen       total 2494976K, used 2224936K [0x00000003c0000000, 0x0000000458480000, 0x000000066ab00000)
  object space 2494976K, 89% used [0x00000003c0000000,0x0000000447cca148,0x0000000458480000)
 Metaspace       used 8355K, capacity 8496K, committed 8832K, reserved 1056768K
  class space    used 1020K, capacity 1046K, committed 1152K, reserved 1048576K
}

