# JRE version: Java(TM) SE Runtime Environment (8.0_111-b14) (build 1.8.0_111-b14)
# Java VM: Java HotSpot(TM) 64-Bit Server VM (25.111-b14 mixed mode linux-amd64 compressed oops)
Heap:
 PSYoungGen      total 5033984K, used 0K [0x000000066ab00000, 0x00000007c0000000, 0x00000007c0000000)
  eden space 4511232K, 0% used [0x000000066ab00000,0x000000066ab00000,0x000000077e080000)
  from space 522752K, 0% used [0x000000077e080000,0x000000077e080000,0x000000079df00000)
  to   space 514560K, 0% used [0x00000007a0980000,0x00000007a0980000,0x00000007c0000000)
 ParOldGen       total 2987008K, used 1072064K [0x00000003c0000000, 0x0000000476500000, 0x000000066ab00000)
  object space 2987008K, 35% used [0x00000003c0000000,0x00000004016f0088,0x0000000476500000)
 Metaspace       used 15499K, capacity 15746K, committed 16000K, reserved 1062912K
  class space    used 1718K, capacity 1811K, committed 1920K, reserved 1048576K
GC Heap History (10 events):
Event: 544,907 GC heap after
Heap after GC invocations=223 (full 22):
 PSYoungGen      total 5030400K, used 428327K [0x000000066ab00000, 0x00000007c0000000, 0x00000007c0000000)
  eden space 4601856K, 0% used [0x000000066ab00000,0x000000066ab00000,0x0000000783900000)
  from space 428544K, 99% used [0x0000000783900000,0x000000079db49d30,0x000000079db80000)
  to   space 530432K, 0% used [0x000000079fa00000,0x000000079fa00000,0x00000007c0000000)
 ParOldGen       total 2987008K, used 1497512K [0x00000003c0000000, 0x0000000476500000, 0x000000066ab00000)
  object space 2987008K, 50% used [0x00000003c0000000,0x000000041b66a358,0x0000000476500000)
 Metaspace       used 15499K, capacity 15746K, committed 16000K, reserved 1062912K
  class space    used 1718K, capacity 1811K, committed 1920K, reserved 1048576K
}
Event: 545,844 GC heap before
{Heap before GC invocations=224 (full 22):
 PSYoungGen      total 5030400K, used 5030183K [0x000000066ab00000, 0x00000007c0000000, 0x00000007c0000000)
  eden space 4601856K, 100% used [0x000000066ab00000,0x0000000783900000,0x0000000783900000)
  from space 428544K, 99% used [0x0000000783900000,0x000000079db49d30,0x000000079db80000)
  to   space 530432K, 0% used [0x000000079fa00000,0x000000079fa00000,0x00000007c0000000)
 ParOldGen       total 2987008K, used 1497512K [0x00000003c0000000, 0x0000000476500000, 0x000000066ab00000)
  object space 2987008K, 50% used [0x00000003c0000000,0x000000041b66a358,0x0000000476500000)
 Metaspace       used 15499K, capacity 15746K, committed 16000K, reserved 1062912K
  class space    used 1718K, capacity 1811K, committed 1920K, reserved 1048576K
Event: 548,510 GC heap after
Heap after GC invocations=224 (full 22):
 PSYoungGen      total 5064704K, used 27484K [0x000000066ab00000, 0x00000007c0000000, 0x00000007c0000000)
  eden space 4534272K, 0% used [0x000000066ab00000,0x000000066ab00000,0x000000077f700000)
  from space 530432K, 5% used [0x000000079fa00000,0x00000007a14d73d8,0x00000007c0000000)
  to   space 527360K, 0% used [0x000000077f700000,0x000000077f700000,0x000000079fa00000)
 ParOldGen       total 2987008K, used 1919060K [0x00000003c0000000, 0x0000000476500000, 0x000000066ab00000)
  object space 2987008K, 64% used [0x00000003c0000000,0x0000000435215318,0x0000000476500000)
 Metaspace       used 15499K, capacity 15746K, committed 16000K, reserved 1062912K
  class space    used 1718K, capacity 1811K, committed 1920K, reserved 1048576K
}
Event: 551,519 GC heap before
{Heap before GC invocations=225 (full 22):
 PSYoungGen      total 5064704K, used 4561756K [0x000000066ab00000, 0x00000007c0000000, 0x00000007c0000000)
  eden space 4534272K, 100% used [0x000000066ab00000,0x000000077f700000,0x000000077f700000)
  from space 530432K, 5% used [0x000000079fa00000,0x00000007a14d73d8,0x00000007c0000000)
  to   space 527360K, 0% used [0x000000077f700000,0x000000077f700000,0x000000079fa00000)
 ParOldGen       total 2987008K, used 1919060K [0x00000003c0000000, 0x0000000476500000, 0x000000066ab00000)
  object space 2987008K, 64% used [0x00000003c0000000,0x0000000435215318,0x0000000476500000)
 Metaspace       used 15499K, capacity 15746K, committed 16000K, reserved 1062912K
  class space    used 1718K, capacity 1811K, committed 1920K, reserved 1048576K
Event: 551,705 GC heap after
Heap after GC invocations=225 (full 22):
 PSYoungGen      total 4736512K, used 202237K [0x000000066ab00000, 0x00000007bc700000, 0x00000007c0000000)
  eden space 4534272K, 0% used [0x000000066ab00000,0x000000066ab00000,0x000000077f700000)
  from space 202240K, 99% used [0x000000077f700000,0x000000078bc7f6d0,0x000000078bc80000)
  to   space 499712K, 0% used [0x000000079df00000,0x000000079df00000,0x00000007bc700000)
 ParOldGen       total 2987008K, used 1938364K [0x00000003c0000000, 0x0000000476500000, 0x000000066ab00000)
  object space 2987008K, 64% used [0x00000003c0000000,0x00000004364ef318,0x0000000476500000)
 Metaspace       used 15499K, capacity 15746K, committed 16000K, reserved 1062912K
  class space    used 1718K, capacity 1811K, committed 1920K, reserved 1048576K
}
Event: 557,196 GC heap before
{Heap before GC invocations=226 (full 22):
 PSYoungGen      total 4736512K, used 4736509K [0x000000066ab00000, 0x00000007bc700000, 0x00000007c0000000)
  eden space 4534272K, 100% used [0x000000066ab00000,0x000000077f700000,0x000000077f700000)
  from space 202240K, 99% used [0x000000077f700000,0x000000078bc7f6d0,0x000000078bc80000)
  to   space 499712K, 0% used [0x000000079df00000,0x000000079df00000,0x00000007bc700000)
 ParOldGen       total 2987008K, used 1938364K [0x00000003c0000000, 0x0000000476500000, 0x000000066ab00000)
  object space 2987008K, 64% used [0x00000003c0000000,0x00000004364ef318,0x0000000476500000)
 Metaspace       used 15499K, capacity 15746K, committed 16000K, reserved 1062912K
  class space    used 1718K, capacity 1811K, committed 1920K, reserved 1048576K
Event: 559,413 GC heap after
Heap after GC invocations=226 (full 22):
 PSYoungGen      total 5010944K, used 333568K [0x000000066ab00000, 0x00000007c0000000, 0x00000007c0000000)
  eden space 4511232K, 0% used [0x000000066ab00000,0x000000066ab00000,0x000000077e080000)
  from space 499712K, 66% used [0x000000079df00000,0x00000007b24c0000,0x00000007bc700000)
  to   space 522752K, 0% used [0x000000077e080000,0x000000077e080000,0x000000079df00000)
 ParOldGen       total 2987008K, used 2141370K [0x00000003c0000000, 0x0000000476500000, 0x000000066ab00000)
  object space 2987008K, 71% used [0x00000003c0000000,0x0000000442b2ea28,0x0000000476500000)
 Metaspace       used 15499K, capacity 15746K, committed 16000K, reserved 1062912K
  class space    used 1718K, capacity 1811K, committed 1920K, reserved 1048576K
}
Event: 563,469 GC heap before
{Heap before GC invocations=227 (full 22):
 PSYoungGen      total 5010944K, used 4844800K [0x000000066ab00000, 0x00000007c0000000, 0x00000007c0000000)
  eden space 4511232K, 100% used [0x000000066ab00000,0x000000077e080000,0x000000077e080000)
  from space 499712K, 66% used [0x000000079df00000,0x00000007b24c0000,0x00000007bc700000)
  to   space 522752K, 0% used [0x000000077e080000,0x000000077e080000,0x000000079df00000)
 ParOldGen       total 2987008K, used 2141370K [0x00000003c0000000, 0x0000000476500000, 0x000000066ab00000)
  object space 2987008K, 71% used [0x00000003c0000000,0x0000000442b2ea28,0x0000000476500000)
 Metaspace       used 15499K, capacity 15746K, committed 16000K, reserved 1062912K
  class space    used 1718K, capacity 1811K, committed 1920K, reserved 1048576K
Event: 564,330 GC heap after
Heap after GC invocations=227 (full 22):
 PSYoungGen      total 5033984K, used 266299K [0x000000066ab00000, 0x00000007c0000000, 0x00000007c0000000)
  eden space 4511232K, 0% used [0x000000066ab00000,0x000000066ab00000,0x000000077e080000)
  from space 522752K, 50% used [0x000000077e080000,0x000000078e48ed90,0x000000079df00000)
  to   space 514560K, 0% used [0x00000007a0980000,0x00000007a0980000,0x00000007c0000000)
 ParOldGen       total 2987008K, used 2475778K [0x00000003c0000000, 0x0000000476500000, 0x000000066ab00000)
  object space 2987008K, 82% used [0x00000003c0000000,0x00000004571c0a28,0x0000000476500000)
 Metaspace       used 15499K, capacity 15746K, committed 16000K, reserved 1062912K
  class space    used 1718K, capacity 1811K, committed 1920K, reserved 1048576K
}
Event: 564,330 GC heap before
{Heap before GC invocations=228 (full 23):
 PSYoungGen      total 5033984K, used 266299K [0x000000066ab00000, 0x00000007c0000000, 0x00000007c0000000)
  eden space 4511232K, 0% used [0x000000066ab00000,0x000000066ab00000,0x000000077e080000)
  from space 522752K, 50% used [0x000000077e080000,0x000000078e48ed90,0x000000079df00000)
  to   space 514560K, 0% used [0x00000007a0980000,0x00000007a0980000,0x00000007c0000000)
 ParOldGen       total 2987008K, used 2475778K [0x00000003c0000000, 0x0000000476500000, 0x000000066ab00000)
  object space 2987008K, 82% used [0x00000003c0000000,0x00000004571c0a28,0x0000000476500000)
 Metaspace       used 15499K, capacity 15746K, committed 16000K, reserved 1062912K
  class space    used 1718K, capacity 1811K, committed 1920K, reserved 1048576K

